[www.authmart.online/may-hoc5821.html]
[backblue.gif]
[fade.gif]
[index.html]
[www.authmart.online/may-hoc.html]
[w.ladicdn.com_443/5e38d41b293a005eb494981e/logo-authmart-20210515094346.png]
[w.ladicdn.com/v2/source/ladipagev3.minfb31.js]
[w.ladicdn.com/s450x450/5e38d41b293a005eb494981e/logo-authmart-20210515094346.png]
[w.ladicdn.com/s700x800/5e38d41b293a005eb494981e/4ac78abef545eb9c0a215c23cf67c437-20220801151450.jpg]
[w.ladicdn.com/s400x400/5e38d41b293a005eb494981e/4ac78abef545eb9c0a215c23cf67c437-20220801151450.jpg]
[w.ladicdn.com/s700x800/5e38d41b293a005eb494981e/e935e38952257c3cf496f01d5c1ea376e593b1530c13c570f86c6d3b-20230212031526-ardhk.png]
[w.ladicdn.com/s400x400/5e38d41b293a005eb494981e/e935e38952257c3cf496f01d5c1ea376e593b1530c13c570f86c6d3b-20230212031526-ardhk.png]
[w.ladicdn.com/5e38d41b293a005eb494981e/ezgifcom-gif-maker-20221229042932-lutve-20230209023924-5dmt6.gif]
[w.ladicdn.com/s700x800/5e38d41b293a005eb494981e/d0cc3930ec07780c1b5f8af09b2c89f4ecf70ad1a57dc3b5c79469d1-20230212031526-daufr.jpg]
[w.ladicdn.com/s400x400/5e38d41b293a005eb494981e/d0cc3930ec07780c1b5f8af09b2c89f4ecf70ad1a57dc3b5c79469d1-20230212031526-daufr.jpg]
[w.ladicdn.com/5e38d41b293a005eb494981e/ezgifcom-gif-maker-1-20221229042932-gmf3g-20230209023924-ks2g4.gif]
[w.ladicdn.com/s700x800/5e38d41b293a005eb494981e/-08-20230208155209-moorf.jpg]
[w.ladicdn.com/5e38d41b293a005eb494981e/6okr9q-20220801152934.gif]
[w.ladicdn.com/s400x400/5e38d41b293a005eb494981e/-08-20230208155209-moorf.jpg]
[w.ladicdn.com/s700x800/5e38d41b293a005eb494981e/f6d50ad3b76d3a27d70e5546c24cfb75764ff508b20108cec8c8545b-20230212031527-0_ugm.png]
[w.ladicdn.com/s400x400/5e38d41b293a005eb494981e/f6d50ad3b76d3a27d70e5546c24cfb75764ff508b20108cec8c8545b-20230212031527-0_ugm.png]
[w.ladicdn.com/s700x800/5e38d41b293a005eb494981e/f17a40ccb85748f79ee84616dddc6d08e629befacb5567a424421472-20230212031527-yndmj.png]
[w.ladicdn.com/s400x400/5e38d41b293a005eb494981e/f17a40ccb85748f79ee84616dddc6d08e629befacb5567a424421472-20230212031527-yndmj.png]
[w.ladicdn.com/s700x800/5e38d41b293a005eb494981e/e8e50694cda5424b86ec3c55c7b85df4e980f40316a30aa255cb97b4-1-20230212031546-pdfuv.png]
[w.ladicdn.com/s400x400/5e38d41b293a005eb494981e/e8e50694cda5424b86ec3c55c7b85df4e980f40316a30aa255cb97b4-1-20230212031546-pdfuv.png]
[w.ladicdn.com/s500x500/5e38d41b293a005eb494981e/f17a40ccb85748f79ee84616dddc6d08e629befacb5567a424421472-20230212031527-yndmj.png]
[w.ladicdn.com/s500x600/5e38d41b293a005eb494981e/snaptikapp_7127931637475724570_000002-da-sua_auto_x2-20221230121423-qq6p7-20230209024043-iexie.jpg]
[w.ladicdn.com/s700x700/5e38d41b293a005eb494981e/d0cc3930ec07780c1b5f8af09b2c89f4ecf70ad1a57dc3b5c79469d1-20230212031526-daufr.jpg]
[w.ladicdn.com/5e38d41b293a005eb494981e/8abkiw-20230208160740-wnfmi.gif]
[w.ladicdn.com/s750x1050/5e38d41b293a005eb494981e/anh-chup-man-hinh-2022-10-05-luc-115551-20230208161127-zv9gv.png]
[w.ladicdn.com/s700x700/5e38d41b293a005eb494981e/86e42d0b9d8c1564a6902316878565b29f90f78fbae39c976c632f36-20230208161432-jcwum.jpg]
[w.ladicdn.com/s400x400/5e38d41b293a005eb494981e/86e42d0b9d8c1564a6902316878565b29f90f78fbae39c976c632f36-20230208161432-jcwum.jpg]
[w.ladicdn.com/s700x700/5e38d41b293a005eb494981e/z3801365652251_fc9ce2572ef15ad28ee6821447d20286-20221015042709-tcszs-20221114173344-tsvw6-20230209024223-aykle.jpg]
[w.ladicdn.com/s400x400/5e38d41b293a005eb494981e/z3801365652251_fc9ce2572ef15ad28ee6821447d20286-20221015042709-tcszs-20221114173344-tsvw6-20230209024223-aykle.jpg]
[w.ladicdn.com/s700x700/5e38d41b293a005eb494981e/e8e50694cda5424b86ec3c55c7b85df4e980f40316a30aa255cb97b4-1-20230212031546-pdfuv.png]
[w.ladicdn.com/s700x700/5e38d41b293a005eb494981e/f17a40ccb85748f79ee84616dddc6d08e629befacb5567a424421472-20230212031527-yndmj.png]
[w.ladicdn.com/s700x700/5e38d41b293a005eb494981e/snaptikapp_7093735046602951963_000005-20221230044455-mu78c-20230209024223-zux_o.jpg]
[w.ladicdn.com/s400x400/5e38d41b293a005eb494981e/snaptikapp_7093735046602951963_000005-20221230044455-mu78c-20230209024223-zux_o.jpg]
[w.ladicdn.com/s700x700/5e38d41b293a005eb494981e/-08-20230208155209-moorf.jpg]
[w.ladicdn.com/5e38d41b293a005eb494981e/5wxmp6-20211207093141.gif]
[w.ladicdn.com/s700x800/5e38d41b293a005eb494981e/untitled-1-20211206162020.jpg]
[w.ladicdn.com/s400x400/5e38d41b293a005eb494981e/untitled-1-20211206162020.jpg]
[w.ladicdn.com/5e38d41b293a005eb494981e/5wxno3-20211207093947.gif]
[w.ladicdn.com/s700x800/5e38d41b293a005eb494981e/8ca1440aa13925f0780933977e92b7f7-20211206162020.jpg]
[w.ladicdn.com/s400x400/5e38d41b293a005eb494981e/8ca1440aa13925f0780933977e92b7f7-20211206162020.jpg]
[w.ladicdn.com/s700x800/5e38d41b293a005eb494981e/bo-mau-huu-co-20210826160504.jpg]
[w.ladicdn.com/s400x400/5e38d41b293a005eb494981e/bo-mau-huu-co-20210826160504.jpg]
[w.ladicdn.com/s700x800/5e38d41b293a005eb494981e/-03-20210921160132.jpg]
[w.ladicdn.com/s400x400/5e38d41b293a005eb494981e/-03-20210921160132.jpg]
[w.ladicdn.com/s700x800/5e38d41b293a005eb494981e/416fbc93557af10f2f2607b31597c481-20220730103622.png]
[w.ladicdn.com/s400x400/5e38d41b293a005eb494981e/416fbc93557af10f2f2607b31597c481-20220730103622.png]
[w.ladicdn.com/s700x800/5e38d41b293a005eb494981e/-05-20210921160132.jpg]
[w.ladicdn.com/s400x400/5e38d41b293a005eb494981e/-05-20210921160132.jpg]
[w.ladicdn.com/s500x600/5e38d41b293a005eb494981e/067f7fbe75fd8fb4d43ee8a96db1e17645025ee5-20220303030337.jpg]
[w.ladicdn.com/s350x350/5e38d41b293a005eb494981e/25659706_1199967756802996_5125595626029405350_n-20200208053841.jpg]
[w.ladicdn.com/s500x550/5e38d41b293a005eb494981e/6d6635cefbf32aaac683088ac24347b962a65912-20220428100117.jpg]
[w.ladicdn.com/s350x350/5e38d41b293a005eb494981e/nguyen-tac-chup-anh-gia-dinh-khien-ai-len-hinh-cung-deu-noi-bat-683x1024-20220214030500.png]
[w.ladicdn.com/s500x550/5e38d41b293a005eb494981e/6d38cad8d2a26c42f2e679ca5aad4f6f83898855-20220428100101.jpg]
[w.ladicdn.com/s400x400/5c7362c6c417ab07e5196b05/icon-1-20191224125328.png]
[w.ladicdn.com/s400x400/5c7362c6c417ab07e5196b05/icon-3-20191224125329.png]
[w.ladicdn.com/s400x400/5c7362c6c417ab07e5196b05/icon-4-20191224125330.png]
[w.ladicdn.com/s400x400/5c7362c6c417ab07e5196b05/icon-2-20191224125329.png]
[w.ladicdn.com/s500x500/5e38d41b293a005eb494981e/untitled-2-20220404023058.jpg]
[w.ladicdn.com/s500x500/5e38d41b293a005eb494981e/-03-20210907084025.jpg]
[w.ladicdn.com/s500x500/5e38d41b293a005eb494981e/main_005-20211026092811.jpg]
[w.ladicdn.com/s500x500/5e38d41b293a005eb494981e/z2869581118782_0726d56d85c6d545f82ad42cd5be0aaf-20220214041109.jpg]
[w.ladicdn.com/s500x500/5e38d41b293a005eb494981e/-01-20220303044105.jpg]
[w.ladicdn.com/s500x500/5e38d41b293a005eb494981e/37eb6cea0dbf9b5b-20220330111652.jpg]
[w.ladicdn.com/s768x595/5c7362c6c417ab07e5196b05/imktu-20210112033112-20210125043550.jpg]
[w.ladicdn.com/s700x350/5e38d41b293a005eb494981e/logo-card-1-1-20210510084335.png]
[w.ladicdn.com/s500x500/5e38d41b293a005eb494981e/logo-authmart-20210510090852.png]
[w.ladicdn.com/s375x383/5e38d41b293a005eb494981e/410a35cdb7d478707baca1d1345f792e02714f86e4213f7abf4a9363-20220801151346.jpg]
[w.ladicdn.com/5e38d41b293a005eb494981e/6baa52-20220404025224.gif]
[w.ladicdn.com/s500x600/5e38d41b293a005eb494981e/untitled-2-20220404023058.jpg]
[w.ladicdn.com/s400x400/5e38d41b293a005eb494981e/untitled-2-20220404023058.jpg]
[w.ladicdn.com/s500x600/5e38d41b293a005eb494981e/z3311215211828_f6bccf4b01aebfef38333fb54df88df7-20220403032504.jpg]
[w.ladicdn.com/s400x400/5e38d41b293a005eb494981e/z3311215211828_f6bccf4b01aebfef38333fb54df88df7-20220403032504.jpg]
[w.ladicdn.com/5e38d41b293a005eb494981e/64oam2-20220210110033.gif]
[w.ladicdn.com/s500x600/5e38d41b293a005eb494981e/-04-20210907084025.jpg]
[w.ladicdn.com/s400x400/5e38d41b293a005eb494981e/-04-20210907084025.jpg]
[w.ladicdn.com/s500x600/5e38d41b293a005eb494981e/-05-20210907084025.jpg]
[w.ladicdn.com/s400x400/5e38d41b293a005eb494981e/-05-20210907084025.jpg]
[w.ladicdn.com/s500x600/5e38d41b293a005eb494981e/265384334_438393638010411_2733111268856687238_n-20220330111652.png]
[w.ladicdn.com/5e38d41b293a005eb494981e/6aorki-20220330114558.gif]
[w.ladicdn.com/s400x400/5e38d41b293a005eb494981e/265384334_438393638010411_2733111268856687238_n-20220330111652.png]
[w.ladicdn.com/s500x600/5e38d41b293a005eb494981e/37eb6cea0dbf9b5b-20220330111652.jpg]
[w.ladicdn.com/s400x400/5e38d41b293a005eb494981e/37eb6cea0dbf9b5b-20220330111652.jpg]
[w.ladicdn.com/s500x600/5e38d41b293a005eb494981e/-01-20220303044105.jpg]
[w.ladicdn.com/5e38d41b293a005eb494981e/678mqg-20220303045252.gif]
[w.ladicdn.com/s400x400/5e38d41b293a005eb494981e/-01-20220303044105.jpg]
[w.ladicdn.com/s500x600/5e38d41b293a005eb494981e/-01-20220303044113.jpg]
[w.ladicdn.com/s400x400/5e38d41b293a005eb494981e/-01-20220303044113.jpg]
[w.ladicdn.com/s500x600/5e38d41b293a005eb494981e/main_005-20211026092811.jpg]
[w.ladicdn.com/5e38d41b293a005eb494981e/67dhp6-20220304050421.gif]
[w.ladicdn.com/s400x400/5e38d41b293a005eb494981e/main_005-20211026092811.jpg]
[w.ladicdn.com/s500x600/5e38d41b293a005eb494981e/268617304_3141985986056337_3477916543620632138_n-20220304042829.jpg]
[w.ladicdn.com/s400x400/5e38d41b293a005eb494981e/268617304_3141985986056337_3477916543620632138_n-20220304042829.jpg]
[w.ladicdn.com/s500x600/5e38d41b293a005eb494981e/267735621_3141986066056329_2472227169969685825_n-20220304042829.jpg]
[w.ladicdn.com/s400x400/5e38d41b293a005eb494981e/267735621_3141986066056329_2472227169969685825_n-20220304042829.jpg]
[w.ladicdn.com/s500x600/5e38d41b293a005eb494981e/_01-20220214041034.jpg]
[w.ladicdn.com/s400x400/5e38d41b293a005eb494981e/_01-20220214041034.jpg]
[w.ladicdn.com/5e38d41b293a005eb494981e/66rh3g-20220227092847.gif]
[w.ladicdn.com/s500x600/5e38d41b293a005eb494981e/z2869581118782_0726d56d85c6d545f82ad42cd5be0aaf-20220214041109.jpg]
[w.ladicdn.com/s400x400/5e38d41b293a005eb494981e/z2869581118782_0726d56d85c6d545f82ad42cd5be0aaf-20220214041109.jpg]
[connect.facebook.net/en_US/fbevents.js]
[analytics.tiktok.com/i18n/pixel/events.js]
[www.authmart.online/may-hoc5821.html]
[www.authmart.online/may-hoc.html]
[www.authmart.online/dat-hang-thanh-cong.html]
[www.authmart.online/a.html]
[www.authmart.online/POST.html]
[www.authmart.online/b.html]
[connect.facebook.net/en_US/fbevents.js]
[www.authmart.online/signals/iwl.html]
[www.authmart.online/schema.org/index.html]
[www.authmart.online/index.html]
[w.ladicdn.com_443/5e38d41b293a005eb494981e/logo-authmart-20210510090852.png]
[w.ladicdn.com/v2/source/ladipagev3.min4e6f.js]
[w.ladicdn.com/s550x550/5e38d41b293a005eb494981e/logo-authmart-20210510090852.png]
[w.ladicdn.com/s500x500/5e38d41b293a005eb494981e/-05-20230718091855-nme_e.jpg]
[w.ladicdn.com/s500x500/5e38d41b293a005eb494981e/-01-20230419151453-vhteo.jpg]
[w.ladicdn.com/s500x500/5e38d41b293a005eb494981e/untitled-1-20211206162020.jpg]
[w.ladicdn.com/s500x500/5e38d41b293a005eb494981e/e935e38952257c3cf496f01d5c1ea376e593b1530c13c570f86c6d3b-20230212031526-ardhk.png]
[w.ladicdn.com/s600x500/5e38d41b293a005eb494981e/img_8353-1-20230518145829-s3f2v.jpg]
[w.ladicdn.com/s500x500/5e38d41b293a005eb494981e/img_9977-20230929094856-lyosx.jpg]
[w.ladicdn.com/s768x567/5c7362c6c417ab07e5196b05/imktu-20210112033112-20210125043550.jpg]
[w.ladicdn.com/s500x600/5e38d41b293a005eb494981e/241306734_133927005668399_4843358610188762554_n-20220210104717.jpg]
[w.ladicdn.com/s400x400/5e38d41b293a005eb494981e/241306734_133927005668399_4843358610188762554_n-20220210104717.jpg]
[w.ladicdn.com/5e38d41b293a005eb494981e/64oaw3-20220210110319.gif]
[w.ladicdn.com/s500x600/5e38d41b293a005eb494981e/untitled-1-20211206162020.jpg]
[w.ladicdn.com/5e38d41b293a005eb494981e/6szngj-20220911105449.gif]
[w.ladicdn.com/5e38d41b293a005eb494981e/5wxoil-20211207094855.gif]
[w.ladicdn.com/s500x600/5e38d41b293a005eb494981e/8ca1440aa13925f0780933977e92b7f7-20211206162020.jpg]
[w.ladicdn.com/s500x600/5e38d41b293a005eb494981e/thum-20211111171651.jpg]
[w.ladicdn.com/s400x400/5e38d41b293a005eb494981e/thum-20211111171651.jpg]
[w.ladicdn.com/5e38d41b293a005eb494981e/678n0d-20220303045615.gif]
[w.ladicdn.com/s500x600/5e38d41b293a005eb494981e/-01-20230419151453-vhteo.jpg]
[w.ladicdn.com/s400x400/5e38d41b293a005eb494981e/-01-20230419151453-vhteo.jpg]
[w.ladicdn.com/s500x600/5e38d41b293a005eb494981e/new-project-20230508103501-jsh7e.jpg]
[w.ladicdn.com/s400x400/5e38d41b293a005eb494981e/new-project-20230508103501-jsh7e.jpg]
[w.ladicdn.com/5e38d41b293a005eb494981e/ylk4az-20230419161212-l0bdq.gif]
[w.ladicdn.com/s500x600/5e38d41b293a005eb494981e/vn-11134103-22070-0yu8fslxdwevdc-20230419162056-alzlk.jpg]
[w.ladicdn.com/5e38d41b293a005eb494981e/fsg3gw-20230419163720-enahk.gif]
[w.ladicdn.com/s400x400/5e38d41b293a005eb494981e/vn-11134103-22070-0yu8fslxdwevdc-20230419162056-alzlk.jpg]
[w.ladicdn.com/5e38d41b293a005eb494981e/tx95c8-20230718094356-mru54.gif]
[w.ladicdn.com/s500x600/5e38d41b293a005eb494981e/vn-11134103-22090-7qwba63noghvc0-20230718092322-waep-.jpg]
[w.ladicdn.com/s400x400/5e38d41b293a005eb494981e/vn-11134103-22090-7qwba63noghvc0-20230718092322-waep-.jpg]
[w.ladicdn.com/5e38d41b293a005eb494981e/qdsy5t-20230718094355-lpofc.gif]
[w.ladicdn.com/5e38d41b293a005eb494981e/mttdfe-20230718094355-odujl.gif]
[w.ladicdn.com/s500x600/5e38d41b293a005eb494981e/vn-11134103-7qukw-lj6j1725xk3w24-20230718092322-wtxl7.jpg]
[w.ladicdn.com/s400x400/5e38d41b293a005eb494981e/vn-11134103-7qukw-lj6j1725xk3w24-20230718092322-wtxl7.jpg]
[w.ladicdn.com/s500x600/5e38d41b293a005eb494981e/-03-20230718091837-xcrkd.jpg]
[w.ladicdn.com/s400x400/5e38d41b293a005eb494981e/-03-20230718091837-xcrkd.jpg]
[w.ladicdn.com/s500x600/5e38d41b293a005eb494981e/e935e38952257c3cf496f01d5c1ea376e593b1530c13c570f86c6d3b-20230212031526-ardhk.png]
[w.ladicdn.com/s500x600/5e38d41b293a005eb494981e/f17a40ccb85748f79ee84616dddc6d08e629befacb5567a424421472-20230212031527-yndmj.png]
[w.ladicdn.com/s500x600/5e38d41b293a005eb494981e/fe5878a473ce6efb63c414d32acf6b95-20220801151429.jpg]
[w.ladicdn.com/s400x400/5e38d41b293a005eb494981e/fe5878a473ce6efb63c414d32acf6b95-20220801151429.jpg]
[w.ladicdn.com/5e38d41b293a005eb494981e/6okrf1-20220801152933.gif]
[w.ladicdn.com/s500x600/5e38d41b293a005eb494981e/img_8353-1-20230518145829-s3f2v.jpg]
[w.ladicdn.com/5e38d41b293a005eb494981e/y0yk0e-20230402131625-hndbg.gif]
[w.ladicdn.com/s400x400/5e38d41b293a005eb494981e/img_8353-1-20230518145829-s3f2v.jpg]
[w.ladicdn.com/5e38d41b293a005eb494981e/o37n1i-20230402132214-vfgpk.gif]
[w.ladicdn.com/s500x600/5e38d41b293a005eb494981e/-07-20230402130606-ybbxk.jpg]
[w.ladicdn.com/5e38d41b293a005eb494981e/abpge--20230402132214-uiz_f.gif]
[w.ladicdn.com/s400x400/5e38d41b293a005eb494981e/-07-20230402130606-ybbxk.jpg]
[w.ladicdn.com/s500x600/5e38d41b293a005eb494981e/-04-20230827074417-ak9kp.jpg]
[w.ladicdn.com/s400x400/5e38d41b293a005eb494981e/-04-20230827074417-ak9kp.jpg]
[w.ladicdn.com/s500x600/5e38d41b293a005eb494981e/-03-20230827074417-wnrpd.jpg]
[w.ladicdn.com/s400x400/5e38d41b293a005eb494981e/-03-20230827074417-wnrpd.jpg]
[w.ladicdn.com/s500x600/5e38d41b293a005eb494981e/-08-20230827074417-vz1o7.jpg]
[w.ladicdn.com/s400x400/5e38d41b293a005eb494981e/-08-20230827074417-vz1o7.jpg]
[w.ladicdn.com/s500x600/5e38d41b293a005eb494981e/img_9977-20230929094856-lyosx.jpg]
[w.ladicdn.com/s400x400/5e38d41b293a005eb494981e/img_9977-20230929094856-lyosx.jpg]
[w.ladicdn.com/s500x600/5e38d41b293a005eb494981e/img_9965-20230929095318-ejv7j.jpg]
[w.ladicdn.com/s400x400/5e38d41b293a005eb494981e/img_9965-20230929095318-ejv7j.jpg]
[w.ladicdn.com/5e38d41b293a005eb494981e/z90-8j-20230927020912-0fekf.gif]
[w.ladicdn.com/s500x600/5e38d41b293a005eb494981e/img_9967-20230929095320--2rjq.jpg]
[w.ladicdn.com/5e38d41b293a005eb494981e/vxdo2w-20230927020912-yio1a.gif]
[w.ladicdn.com/s400x400/5e38d41b293a005eb494981e/img_9967-20230929095320--2rjq.jpg]
[w.ladicdn.com/s500x600/5e38d41b293a005eb494981e/img_9968-20230929095321-eqvds.jpg]
[w.ladicdn.com/5e38d41b293a005eb494981e/oxtpln-20230927020911-18bxg.gif]
[w.ladicdn.com/s400x400/5e38d41b293a005eb494981e/img_9968-20230929095321-eqvds.jpg]
[w.ladicdn.com/s500x600/5e38d41b293a005eb494981e/img_9969-20230929095323-s4gzf.jpg]
[w.ladicdn.com/s400x400/5e38d41b293a005eb494981e/img_9969-20230929095323-s4gzf.jpg]
[w.ladicdn.com/5e38d41b293a005eb494981e/m9mx3g-20230927020911-aelyx.gif]
[w.ladicdn.com/s500x600/5e38d41b293a005eb494981e/img_9971-20230929095325-gla5g.jpg]
[w.ladicdn.com/5e38d41b293a005eb494981e/if23ym-20230927020911-gnxkt.gif]
[w.ladicdn.com/s400x400/5e38d41b293a005eb494981e/img_9971-20230929095325-gla5g.jpg]
[w.ladicdn.com/s500x600/5e38d41b293a005eb494981e/img_9979-20230929100452-asny1.jpg]
[www.authmart.online/dat-hang-thanh-cong.html]
[www.authmart.online/a.html]
[www.authmart.online/POST.html]
[www.authmart.online/schema.org/index.html]
[w.ladicdn.com/s400x400/5e38d41b293a005eb494981e/img_9979-20230929100452-asny1.jpg]
[w.ladicdn.com/v2/source/ladipagev3.mincada.js]
[w.ladicdn.com/s750x600/5e38d41b293a005eb494981e/slider_1-20220306165642.jpg]
[w.ladicdn.com/s750x600/5e38d41b293a005eb494981e/slider_4-20220306165640.jpg]
[w.ladicdn.com/s750x600/5e38d41b293a005eb494981e/slider_5-20220306165641.jpg]
[w.ladicdn.com/s400x400/5e38d41b293a005eb494981e/anh-bia-3-20220520165847-20220805150358.png]
[w.ladicdn.com/s400x400/5e38d41b293a005eb494981e/fb3-20230216175540-dihsf-20230228095227-_hd9i.jpg]
[w.ladicdn.com/s500x450/5e38d41b293a005eb494981e/screen_shot_2022-10-01_at_84711_am-removebg-preview-20221001014914-sevus-20221025044612-5zgo0.png]
[w.ladicdn.com/s500x500/5e38d41b293a005eb494981e/329919002_1670656690062847_3660877169026515198_n-1-20230417023114-ownzc.jpg]
[w.ladicdn.com/s500x500/5e38d41b293a005eb494981e/5f9b8e1b48787-20220628152956.png]
[w.ladicdn.com/s550x500/5e38d41b293a005eb494981e/2c1fdf90ff1e1785b330e2ee71399a73-20220317035316.jpg]
[w.ladicdn.com/s850x400/5e38d41b293a005eb494981e/aaa-20210605084447.jpg]
[w.ladicdn.com/s500x500/5e38d41b293a005eb494981e/anh1-20220518143425-20220805150409.png]
[w.ladicdn.com/s500x500/5e38d41b293a005eb494981e/551dc5740a0b6a144fe075fc311e5fe1b88c4345a5de4b02b6455501-20230204122918-drm42.jpg]
[w.ladicdn.com/s500x500/5e38d41b293a005eb494981e/-07-20231024021309-qza8s.jpg]
[w.ladicdn.com/s500x500/5e38d41b293a005eb494981e/-01-20231029093033-6ytsk.jpg]
[w.ladicdn.com/s500x500/5e38d41b293a005eb494981e/-01-20231018032828-c-3-g.jpg]
[w.ladicdn.com/s550x600/5e38d41b293a005eb494981e/fb3-20230216175540-dihsf-20230228095227-_hd9i.jpg]
[w.ladicdn.com/s500x500/5e38d41b293a005eb494981e/z3548477434876_2b5994591e693a49214be6a0fb6211b5-20220713073035-20231016092706-sxtvq.jpg]
[w.ladicdn.com/s550x550/5e38d41b293a005eb494981e/khung-thump-tiktok-shop-20221206071601-xfg6g-1-20230823150307-ekazz.png]
[w.ladicdn.com/s500x500/5e38d41b293a005eb494981e/img_9033-20230624100204-qmv_0.jpg]
[w.ladicdn.com/s500x500/5e38d41b293a005eb494981e/-03-20221127162210-rw2m4.jpg]
[w.ladicdn.com/s500x500/5e38d41b293a005eb494981e/-05-20230327142922-rqvvk.jpg]
[w.ladicdn.com/s950x400/5e38d41b293a005eb494981e/untitled-1-20220308162009.jpg]
[w.ladicdn.com/s450x450/5e38d41b293a005eb494981e/home_service_4_compact-20210510071715.jpg]
[w.ladicdn.com/s450x450/5e38d41b293a005eb494981e/home_service_3_compact-20210510071715.jpg]
[w.ladicdn.com/s450x450/5e38d41b293a005eb494981e/home_service_2_compact-20210510071715.jpg]
[w.ladicdn.com/s450x450/5e38d41b293a005eb494981e/home_service_1_compact-20210510071715.jpg]
[w.ladicdn.com/s768x558/5c7362c6c417ab07e5196b05/imktu-20210112033112-20210125043550.jpg]
[w.ladicdn.com/s700x800/5c7362c6c417ab07e5196b05/bndghjndgh-20210113022150.jpg]
[www.authmart.online/index.html]
[www.authmart.online/b.html]
[www.authmart.online/signals/iwl.html]
[www.googletagmanager.com/gtm5445.html]
